c:\users\hurch\desktop\2mfcwithopengl\mfcwithopengl\x64\release\vc143.pdb
c:\users\hurch\desktop\2mfcwithopengl\mfcwithopengl\x64\release\pch.obj
c:\users\hurch\desktop\2mfcwithopengl\mfcwithopengl\x64\release\mfcwithopenglview.obj
c:\users\hurch\desktop\2mfcwithopengl\mfcwithopengl\x64\release\mfcwithopengldoc.obj
c:\users\hurch\desktop\2mfcwithopengl\mfcwithopengl\x64\release\mfcwithopengl.obj
c:\users\hurch\desktop\2mfcwithopengl\mfcwithopengl\x64\release\mainfrm.obj
c:\users\hurch\desktop\2mfcwithopengl\x64\release\mfcwithopengl.exe
c:\users\hurch\desktop\2mfcwithopengl\x64\release\mfcwithopengl.pdb
c:\users\hurch\desktop\2mfcwithopengl\mfcwithopengl\x64\release\mfcwithopengl.res
c:\users\hurch\desktop\2mfcwithopengl\mfcwithopengl\x64\release\mfcwithopengl.ipdb
c:\users\hurch\desktop\2mfcwithopengl\mfcwithopengl\x64\release\mfcwithopengl.iobj
c:\users\hurch\desktop\2mfcwithopengl\mfcwithopengl\x64\release\mfcwithopengl.tlog\cl.command.1.tlog
c:\users\hurch\desktop\2mfcwithopengl\mfcwithopengl\x64\release\mfcwithopengl.tlog\cl.items.tlog
c:\users\hurch\desktop\2mfcwithopengl\mfcwithopengl\x64\release\mfcwithopengl.tlog\cl.read.1.tlog
c:\users\hurch\desktop\2mfcwithopengl\mfcwithopengl\x64\release\mfcwithopengl.tlog\cl.write.1.tlog
c:\users\hurch\desktop\2mfcwithopengl\mfcwithopengl\x64\release\mfcwithopengl.tlog\link.command.1.tlog
c:\users\hurch\desktop\2mfcwithopengl\mfcwithopengl\x64\release\mfcwithopengl.tlog\link.read.1.tlog
c:\users\hurch\desktop\2mfcwithopengl\mfcwithopengl\x64\release\mfcwithopengl.tlog\link.secondary.1.tlog
c:\users\hurch\desktop\2mfcwithopengl\mfcwithopengl\x64\release\mfcwithopengl.tlog\link.write.1.tlog
c:\users\hurch\desktop\2mfcwithopengl\mfcwithopengl\x64\release\mfcwithopengl.tlog\rc.command.1.tlog
c:\users\hurch\desktop\2mfcwithopengl\mfcwithopengl\x64\release\mfcwithopengl.tlog\rc.read.1.tlog
c:\users\hurch\desktop\2mfcwithopengl\mfcwithopengl\x64\release\mfcwithopengl.tlog\rc.write.1.tlog
